Arguments: 
  /usr/local/bin/node /usr/local/bin/yarn add merge-descriptors

PATH: 
  /usr/local/bin:/usr/bin:/bin:/usr/sbin:/sbin:/Applications/Wireshark.app/Contents/MacOS

Yarn version: 
  1.3.2

Node version: 
  8.0.0

Platform: 
  darwin x64

npm manifest: 
  {
    "name": "firstproject",
    "version": "0.0.1",
    "description": "",
    "main": "index.js",
    "scripts": {
      "start": "cross-env NODE_ENV=dev supervisor -w server,app.js app",
      "browsersync": "cross-env NODE_ENV=dev node app_browsersync",
      "build": "webpack",
      "production": "webpack --config webpack.production.config.js -p & cross-env NODE_ENV=production node app"
    },
    "author": "",
    "license": "ISC",
    "devDependencies": {
      "babel-preset-es2015": "^6.24.1",
      "bluebird": "^3.4.6",
      "body-parser": "^1.15.2",
      "bootstrap": "^3.3.7",
      "browser-sync": "^2.23.6",
      "bundle-loader": "^0.5.4",
      "chokidar": "^1.5.1",
      "clean-webpack-plugin": "^0.1.10",
      "connect-redis": "^3.1.0",
      "cross-env": "^1.0.8",
      "express": "^4.14.0",
      "express-session": "^1.14.1",
      "file-loader": "^0.8.5",
      "gulp-babel": "^7.0.1",
      "gulp-cache": "^1.0.2",
      "gulp-clean": "^0.4.0",
      "gulp-concat": "^2.6.1",
      "gulp-jade": "^1.1.0",
      "gulp-notify": "^3.2.0",
      "gulp-plumber": "^1.2.0",
      "gulp-remove-use-strict": "^0.0.2",
      "gulp-rename": "^1.2.2",
      "gulp-uglify": "^2.0.0",
      "history": "^1.17.0",
      "jade": "^1.11.0",
      "jade-html-loader": "0.0.3",
      "jade-loader": "^0.8.0",
      "jquery": "^3.1.1",
      "mongoose": "^4.6.1",
      "nodemon": "^1.11.0",
      "npm-install-webpack-plugin": "^2.0.2",
      "open-browser-webpack-plugin": "^0.0.2",
      "pm2": "^2.10.2",
      "pug-html-loader": "^1.0.9",
      "reload": "^0.7.0",
      "resolve-url-loader": "^1.4.3",
      "run-sequence": "^2.2.1",
      "socket.io": "^1.5.1",
      "underscore": "^1.8.3",
      "url-loader": "~0.5.6",
      "webpack": "^1.13.2",
      "webpack-dev-middleware": "^1.5.1",
      "webpack-hot-middleware": "^2.12.2"
    },
    "dependencies": {
      "consolidate": "^0.14.0",
      "autoprefixer-loader": "^2.0.0",
      "babel": "^6.3.13",
      "babel-core": "^6.3.21",
      "babel-loader": "^6.2.0",
      "babel-plugin-transform-runtime": "^6.3.13",
      "babel-preset-es2015": "^6.3.13",
      "babel-runtime": "^5.8.34",
      "css-loader": "^0.23.1",
      "sass-loader": "^4.0.0",
      "extract-text-webpack-plugin": "^1.0.1",
      "file-loader": "^0.8.5",
      "html-loader": "^0.3.0",
      "html-webpack-plugin": "^2.22.0",
      "bcrypt": "^0.8.7",
      "body-parser": "^1.15.2",
      "connect-mongo": "^1.3.2",
      "connect-multiparty": "^2.0.0",
      "cookie-parser": "^1.4.3",
      "style-loader": "^0.13.1",
      "multer": "^1.2.0",
      "node-gyp": "^3.4.0",
      "rebuild": "^0.1.2"
    }
  }

yarn manifest: 
  No manifest

Lockfile: 
  No lockfile

Trace: 
  Error: EINVAL: invalid argument, unlink '/Users/isam2016/su/node/node_modules/pmx/node_modules/debug'
